<?xml version="1.0" encoding="UTF-8"?>
<!-- Generated by org.testng.reporters.JUnitReportReporter -->
<testsuite skipped="0" hostname="param" name="com.tutorials.testNG2.TeamCityTest.TestClass1" tests="2" failures="0" timestamp="2021-01-09T03:05:09 EST" time="0.003" errors="0">
  <testcase name="highestPriority" time="0.002" classname="com.tutorials.testNG2.TeamCityTest.TestClass1"/>
  <system-out/>
  <testcase name="SayHello" time="0.001" classname="com.tutorials.testNG2.TeamCityTest.TestClass1"/>
  <system-out/>
</testsuite> <!-- com.tutorials.testNG2.TeamCityTest.TestClass1 -->
