<?xml version="1.0" encoding="UTF-8"?>
<!-- Generated by org.testng.reporters.JUnitReportReporter -->
<testsuite skipped="0" hostname="param" name="com.tutorials.testNG2.TeamCityTest.AppTest" tests="1" failures="0" timestamp="2021-01-09T03:05:09 EST" time="0.001" errors="0">
  <testcase name="testApp" time="0.001" classname="com.tutorials.testNG2.TeamCityTest.AppTest"/>
  <system-out/>
</testsuite> <!-- com.tutorials.testNG2.TeamCityTest.AppTest -->
